mode: set
github.com/p12s/openapi-go-sdk/rest_client.go:26.38,27.34 1 1
github.com/p12s/openapi-go-sdk/rest_client.go:27.34,29.3 1 1
github.com/p12s/openapi-go-sdk/rest_client.go:33.70,45.25 2 1
github.com/p12s/openapi-go-sdk/rest_client.go:49.2,49.15 1 1
github.com/p12s/openapi-go-sdk/rest_client.go:45.25,47.3 1 1
github.com/p12s/openapi-go-sdk/rest_client.go:53.85,56.33 2 1
github.com/p12s/openapi-go-sdk/rest_client.go:59.2,64.16 3 1
github.com/p12s/openapi-go-sdk/rest_client.go:68.2,68.30 1 1
github.com/p12s/openapi-go-sdk/rest_client.go:56.33,58.3 1 1
github.com/p12s/openapi-go-sdk/rest_client.go:64.16,66.3 1 1
github.com/p12s/openapi-go-sdk/rest_sandbox_client.go:16.60,20.2 1 1
github.com/p12s/openapi-go-sdk/rest_sandbox_client.go:23.101,34.16 5 1
github.com/p12s/openapi-go-sdk/rest_sandbox_client.go:38.2,38.30 1 1
github.com/p12s/openapi-go-sdk/rest_sandbox_client.go:34.16,36.3 1 1
github.com/p12s/openapi-go-sdk/provider.go:26.113,28.20 2 1
github.com/p12s/openapi-go-sdk/provider.go:36.2,37.16 2 1
github.com/p12s/openapi-go-sdk/provider.go:40.2,44.16 4 1
github.com/p12s/openapi-go-sdk/provider.go:47.2,47.15 1 1
github.com/p12s/openapi-go-sdk/provider.go:54.2,54.22 1 1
github.com/p12s/openapi-go-sdk/provider.go:61.2,61.12 1 1
github.com/p12s/openapi-go-sdk/provider.go:28.20,30.17 2 1
github.com/p12s/openapi-go-sdk/provider.go:33.3,33.30 1 1
github.com/p12s/openapi-go-sdk/provider.go:30.17,32.4 1 0
github.com/p12s/openapi-go-sdk/provider.go:37.16,39.3 1 0
github.com/p12s/openapi-go-sdk/provider.go:44.16,46.3 1 0
github.com/p12s/openapi-go-sdk/provider.go:47.15,49.17 2 1
github.com/p12s/openapi-go-sdk/provider.go:49.17,51.4 1 0
github.com/p12s/openapi-go-sdk/provider.go:54.22,56.17 2 1
github.com/p12s/openapi-go-sdk/provider.go:56.17,58.4 1 1
github.com/p12s/openapi-go-sdk/provider.go:65.103,67.16 2 1
github.com/p12s/openapi-go-sdk/provider.go:70.2,74.16 4 1
github.com/p12s/openapi-go-sdk/provider.go:77.2,77.15 1 1
github.com/p12s/openapi-go-sdk/provider.go:84.2,85.16 2 1
github.com/p12s/openapi-go-sdk/provider.go:89.2,89.12 1 1
github.com/p12s/openapi-go-sdk/provider.go:67.16,69.3 1 0
github.com/p12s/openapi-go-sdk/provider.go:74.16,76.3 1 0
github.com/p12s/openapi-go-sdk/provider.go:77.15,79.17 2 1
github.com/p12s/openapi-go-sdk/provider.go:79.17,81.4 1 0
github.com/p12s/openapi-go-sdk/provider.go:85.16,87.3 1 1
github.com/p12s/openapi-go-sdk/provider.go:93.69,95.16 2 1
github.com/p12s/openapi-go-sdk/provider.go:99.2,99.18 1 1
github.com/p12s/openapi-go-sdk/provider.go:95.16,97.3 1 0
